# JRE version: Java(TM) SE Runtime Environment (8.0_91-b14) (build 1.8.0_91-b14)
# Java VM: Java HotSpot(TM) 64-Bit Server VM (25.91-b14 mixed mode windows-amd64 compressed oops)
Heap:
 PSYoungGen      total 382976K, used 184800K [0x0000000715d00000, 0x0000000730780000, 0x00000007c0000000)
  eden space 365056K, 50% used [0x0000000715d00000,0x00000007211780e0,0x000000072c180000)
  from space 17920K, 0% used [0x000000072d280000,0x000000072d280000,0x000000072e400000)
  to   space 17408K, 0% used [0x000000072c180000,0x000000072c180000,0x000000072d280000)
 ParOldGen       total 452608K, used 27623K [0x00000005c1600000, 0x00000005dd000000, 0x0000000715d00000)
  object space 452608K, 6% used [0x00000005c1600000,0x00000005c30f9d50,0x00000005dd000000)
 Metaspace       used 63666K, capacity 66531K, committed 66688K, reserved 1105920K
  class space    used 9044K, capacity 9541K, committed 9600K, reserved 1048576K
GC Heap History (10 events):
Event: 2.066 GC heap before
{Heap before GC invocations=7 (full 2):
 PSYoungGen      total 214016K, used 14100K [0x0000000715d00000, 0x0000000729300000, 0x00000007c0000000)
  eden space 192512K, 0% used [0x0000000715d00000,0x0000000715d00000,0x0000000721900000)
  from space 21504K, 65% used [0x0000000721900000,0x00000007226c5208,0x0000000722e00000)
  to   space 14848K, 0% used [0x0000000728480000,0x0000000728480000,0x0000000729300000)
 ParOldGen       total 203776K, used 8649K [0x00000005c1600000, 0x00000005cdd00000, 0x0000000715d00000)
  object space 203776K, 4% used [0x00000005c1600000,0x00000005c1e725b8,0x00000005cdd00000)
 Metaspace       used 33733K, capacity 35258K, committed 35456K, reserved 1079296K
  class space    used 4583K, capacity 4887K, committed 4992K, reserved 1048576K
Event: 2.094 GC heap after
Heap after GC invocations=7 (full 2):
 PSYoungGen      total 214016K, used 0K [0x0000000715d00000, 0x0000000729300000, 0x00000007c0000000)
  eden space 192512K, 0% used [0x0000000715d00000,0x0000000715d00000,0x0000000721900000)
  from space 21504K, 0% used [0x0000000721900000,0x0000000721900000,0x0000000722e00000)
  to   space 14848K, 0% used [0x0000000728480000,0x0000000728480000,0x0000000729300000)
 ParOldGen       total 323072K, used 18534K [0x00000005c1600000, 0x00000005d5180000, 0x0000000715d00000)
  object space 323072K, 5% used [0x00000005c1600000,0x00000005c2819b30,0x00000005d5180000)
 Metaspace       used 33733K, capacity 35258K, committed 35456K, reserved 1079296K
  class space    used 4583K, capacity 4887K, committed 4992K, reserved 1048576K
}
Event: 3.387 GC heap before
{Heap before GC invocations=8 (full 2):
 PSYoungGen      total 214016K, used 192512K [0x0000000715d00000, 0x0000000729300000, 0x00000007c0000000)
  eden space 192512K, 100% used [0x0000000715d00000,0x0000000721900000,0x0000000721900000)
  from space 21504K, 0% used [0x0000000721900000,0x0000000721900000,0x0000000722e00000)
  to   space 14848K, 0% used [0x0000000728480000,0x0000000728480000,0x0000000729300000)
 ParOldGen       total 323072K, used 18534K [0x00000005c1600000, 0x00000005d5180000, 0x0000000715d00000)
  object space 323072K, 5% used [0x00000005c1600000,0x00000005c2819b30,0x00000005d5180000)
 Metaspace       used 42465K, capacity 44094K, committed 44544K, reserved 1087488K
  class space    used 5794K, capacity 6111K, committed 6144K, reserved 1048576K
Event: 3.394 GC heap after
Heap after GC invocations=8 (full 2):
 PSYoungGen      total 280064K, used 10805K [0x0000000715d00000, 0x0000000728f80000, 0x00000007c0000000)
  eden space 268800K, 0% used [0x0000000715d00000,0x0000000715d00000,0x0000000726380000)
  from space 11264K, 95% used [0x0000000728480000,0x0000000728f0d510,0x0000000728f80000)
  to   space 14336K, 0% used [0x0000000727380000,0x0000000727380000,0x0000000728180000)
 ParOldGen       total 323072K, used 18542K [0x00000005c1600000, 0x00000005d5180000, 0x0000000715d00000)
  object space 323072K, 5% used [0x00000005c1600000,0x00000005c281bb30,0x00000005d5180000)
 Metaspace       used 42465K, capacity 44094K, committed 44544K, reserved 1087488K
  class space    used 5794K, capacity 6111K, committed 6144K, reserved 1048576K
}
Event: 5.117 GC heap before
{Heap before GC invocations=9 (full 2):
 PSYoungGen      total 280064K, used 279605K [0x0000000715d00000, 0x0000000728f80000, 0x00000007c0000000)
  eden space 268800K, 100% used [0x0000000715d00000,0x0000000726380000,0x0000000726380000)
  from space 11264K, 95% used [0x0000000728480000,0x0000000728f0d510,0x0000000728f80000)
  to   space 14336K, 0% used [0x0000000727380000,0x0000000727380000,0x0000000728180000)
 ParOldGen       total 323072K, used 18542K [0x00000005c1600000, 0x00000005d5180000, 0x0000000715d00000)
  object space 323072K, 5% used [0x00000005c1600000,0x00000005c281bb30,0x00000005d5180000)
 Metaspace       used 54985K, capacity 57246K, committed 57344K, reserved 1097728K
  class space    used 7758K, capacity 8167K, committed 8192K, reserved 1048576K
Event: 5.126 GC heap after
Heap after GC invocations=9 (full 2):
 PSYoungGen      total 299520K, used 14332K [0x0000000715d00000, 0x000000072e400000, 0x00000007c0000000)
  eden space 285184K, 0% used [0x0000000715d00000,0x0000000715d00000,0x0000000727380000)
  from space 14336K, 99% used [0x0000000727380000,0x000000072817f0d8,0x0000000728180000)
  to   space 17920K, 0% used [0x000000072d280000,0x000000072d280000,0x000000072e400000)
 ParOldGen       total 323072K, used 23249K [0x00000005c1600000, 0x00000005d5180000, 0x0000000715d00000)
  object space 323072K, 7% used [0x00000005c1600000,0x00000005c2cb4748,0x00000005d5180000)
 Metaspace       used 54985K, capacity 57246K, committed 57344K, reserved 1097728K
  class space    used 7758K, capacity 8167K, committed 8192K, reserved 1048576K
}
Event: 5.361 GC heap before
{Heap before GC invocations=10 (full 2):
 PSYoungGen      total 299520K, used 69077K [0x0000000715d00000, 0x000000072e400000, 0x00000007c0000000)
  eden space 285184K, 19% used [0x0000000715d00000,0x0000000719276570,0x0000000727380000)
  from space 14336K, 99% used [0x0000000727380000,0x000000072817f0d8,0x0000000728180000)
  to   space 17920K, 0% used [0x000000072d280000,0x000000072d280000,0x000000072e400000)
 ParOldGen       total 323072K, used 23249K [0x00000005c1600000, 0x00000005d5180000, 0x0000000715d00000)
  object space 323072K, 7% used [0x00000005c1600000,0x00000005c2cb4748,0x00000005d5180000)
 Metaspace       used 56582K, capacity 58901K, committed 59096K, reserved 1099776K
  class space    used 8002K, capacity 8448K, committed 8448K, reserved 1048576K
Event: 5.367 GC heap after
Heap after GC invocations=10 (full 2):
 PSYoungGen      total 382976K, used 11615K [0x0000000715d00000, 0x0000000730780000, 0x00000007c0000000)
  eden space 365056K, 0% used [0x0000000715d00000,0x0000000715d00000,0x000000072c180000)
  from space 17920K, 64% used [0x000000072d280000,0x000000072ddd7e70,0x000000072e400000)
  to   space 17408K, 0% used [0x000000072c180000,0x000000072c180000,0x000000072d280000)
 ParOldGen       total 323072K, used 23257K [0x00000005c1600000, 0x00000005d5180000, 0x0000000715d00000)
  object space 323072K, 7% used [0x00000005c1600000,0x00000005c2cb6748,0x00000005d5180000)
 Metaspace       used 56582K, capacity 58901K, committed 59096K, reserved 1099776K
  class space    used 8002K, capacity 8448K, committed 8448K, reserved 1048576K
}
Event: 5.367 GC heap before
{Heap before GC invocations=11 (full 3):
 PSYoungGen      total 382976K, used 11615K [0x0000000715d00000, 0x0000000730780000, 0x00000007c0000000)
  eden space 365056K, 0% used [0x0000000715d00000,0x0000000715d00000,0x000000072c180000)
  from space 17920K, 64% used [0x000000072d280000,0x000000072ddd7e70,0x000000072e400000)
  to   space 17408K, 0% used [0x000000072c180000,0x000000072c180000,0x000000072d280000)
 ParOldGen       total 323072K, used 23257K [0x00000005c1600000, 0x00000005d5180000, 0x0000000715d00000)
  object space 323072K, 7% used [0x00000005c1600000,0x00000005c2cb6748,0x00000005d5180000)
 Metaspace       used 56582K, capacity 58901K, committed 59096K, reserved 1099776K
  class space    used 8002K, capacity 8448K, committed 8448K, reserved 1048576K
Event: 5.498 GC heap after
Heap after GC invocations=11 (full 3):
 PSYoungGen      total 382976K, used 0K [0x0000000715d00000, 0x0000000730780000, 0x00000007c0000000)
  eden space 365056K, 0% used [0x0000000715d00000,0x0000000715d00000,0x000000072c180000)
  from space 17920K, 0% used [0x000000072d280000,0x000000072d280000,0x000000072e400000)
  to   space 17408K, 0% used [0x000000072c180000,0x000000072c180000,0x000000072d280000)
 ParOldGen       total 452608K, used 27623K [0x00000005c1600000, 0x00000005dd000000, 0x0000000715d00000)
  object space 452608K, 6% used [0x00000005c1600000,0x00000005c30f9d50,0x00000005dd000000)
 Metaspace       used 56582K, capacity 58901K, committed 59096K, reserved 1099776K
  class space    used 8002K, capacity 8448K, committed 8448K, reserved 1048576K
}

